{"synthetic": false,
 "schemaVersion": "2025-09-10",
 "outputs":
 {"o": ["a22e439bdbd88da7.olean"],
  "i": "912e2cfe13d89d30.ilean",
  "c": "a59f72792ccbcc80.c"},
 "log":
 [{"message":
   ".> LEAN_PATH=/Users/oscario/Documents/Lean/LeanBET/RealLike/.lake/packages/Cli/.lake/build/lib/lean:/Users/oscario/Documents/Lean/LeanBET/RealLike/.lake/packages/batteries/.lake/build/lib/lean:/Users/oscario/Documents/Lean/LeanBET/RealLike/.lake/packages/Qq/.lake/build/lib/lean:/Users/oscario/Documents/Lean/LeanBET/RealLike/.lake/packages/aesop/.lake/build/lib/lean:/Users/oscario/Documents/Lean/LeanBET/RealLike/.lake/packages/proofwidgets/.lake/build/lib/lean:/Users/oscario/Documents/Lean/LeanBET/RealLike/.lake/packages/importGraph/.lake/build/lib/lean:/Users/oscario/Documents/Lean/LeanBET/RealLike/.lake/packages/LeanSearchClient/.lake/build/lib/lean:/Users/oscario/Documents/Lean/LeanBET/RealLike/.lake/packages/plausible/.lake/build/lib/lean:/Users/oscario/Documents/Lean/LeanBET/RealLike/.lake/packages/mathlib/.lake/build/lib/lean:/Users/oscario/Documents/Lean/LeanBET/RealLike/.lake/build/lib/lean /Users/oscario/.elan/toolchains/leanprover--lean4---v4.28.0/bin/lean /Users/oscario/Documents/Lean/LeanBET/RealLike/RealLike.lean -o /Users/oscario/Documents/Lean/LeanBET/RealLike/.lake/build/lib/lean/RealLike.olean -i /Users/oscario/Documents/Lean/LeanBET/RealLike/.lake/build/lib/lean/RealLike.ilean -c /Users/oscario/Documents/Lean/LeanBET/RealLike/.lake/build/ir/RealLike.c --setup /Users/oscario/Documents/Lean/LeanBET/RealLike/.lake/build/ir/RealLike.setup.json --json",
   "level": "trace"}],
 "inputs":
 [["RealLike:deps",
   [["deps",
     [["RealLike/RealLike:extraDep",
       [["@RealLike:extraDep", "00000000000006bb"]]],
      ["imports",
       [["RealLike.Class transitive imports (legacy)", "00000000000006bb"],
        ["RealLike.Class:importAllArts", "ab9e09993b33a439"],
        ["RealLike.Instances transitive imports (legacy)", "559b56fd3e0f79b3"],
        ["RealLike.Instances:importAllArts", "727334233e3ee87a"],
        ["RealLike.Derived transitive imports (legacy)", "fe33f4e831e6b64c"],
        ["RealLike.Derived:importAllArts", "8b7098cbaf5d6c30"]]]]],
    ["libs",
     [["import dynlibs", "00000000000006bb"],
      ["package external libraries", "00000000000006bb"],
      ["module dynlibs", "00000000000006bb"],
      ["module plugins", "00000000000006bb"]]]]],
  ["Lean 4.28.0, commit 7e01a1bf5c70fc6167d49c345d3bf80596e9a79b",
   "a96bc04a2e5e9630"],
  ["/Users/oscario/Documents/Lean/LeanBET/RealLike/RealLike.lean",
   "b34b58dde0359f2b"],
  ["options",
   [["-DmaxSynthPendingDepth=3", "c78e353d34de85d4"],
    ["-Dweak.linter.mathlibStandardSet=true", "8a155799906f2b42"],
    ["-DrelaxedAutoImplicit=false", "74a2b5546b55be80"],
    ["-Dpp.unicode.fun=true", "9b94070140457fab"]]],
  ["Module.leanArgs: #[]", "00000000000006bb"]],
 "depHash": "8390b97f52d1688d"}