{"synthetic": false,
 "schemaVersion": "2025-09-10",
 "outputs":
 {"o": ["3177b03ab0757685.olean"],
  "i": "3de6fb5a805fe7a4.ilean",
  "c": "f1101003dcc0b3c0.c"},
 "log":
 [{"message":
   ".> LEAN_PATH=/Users/oscario/Documents/Lean/LeanBET/RealLike/.lake/packages/Cli/.lake/build/lib/lean:/Users/oscario/Documents/Lean/LeanBET/RealLike/.lake/packages/batteries/.lake/build/lib/lean:/Users/oscario/Documents/Lean/LeanBET/RealLike/.lake/packages/Qq/.lake/build/lib/lean:/Users/oscario/Documents/Lean/LeanBET/RealLike/.lake/packages/aesop/.lake/build/lib/lean:/Users/oscario/Documents/Lean/LeanBET/RealLike/.lake/packages/proofwidgets/.lake/build/lib/lean:/Users/oscario/Documents/Lean/LeanBET/RealLike/.lake/packages/importGraph/.lake/build/lib/lean:/Users/oscario/Documents/Lean/LeanBET/RealLike/.lake/packages/LeanSearchClient/.lake/build/lib/lean:/Users/oscario/Documents/Lean/LeanBET/RealLike/.lake/packages/plausible/.lake/build/lib/lean:/Users/oscario/Documents/Lean/LeanBET/RealLike/.lake/packages/mathlib/.lake/build/lib/lean:/Users/oscario/Documents/Lean/LeanBET/RealLike/.lake/build/lib/lean /Users/oscario/.elan/toolchains/leanprover--lean4---v4.28.0/bin/lean /Users/oscario/Documents/Lean/LeanBET/RealLike/RealLike/Instances.lean -o /Users/oscario/Documents/Lean/LeanBET/RealLike/.lake/build/lib/lean/RealLike/Instances.olean -i /Users/oscario/Documents/Lean/LeanBET/RealLike/.lake/build/lib/lean/RealLike/Instances.ilean -c /Users/oscario/Documents/Lean/LeanBET/RealLike/.lake/build/ir/RealLike/Instances.c --setup /Users/oscario/Documents/Lean/LeanBET/RealLike/.lake/build/ir/RealLike/Instances.setup.json --json",
   "level": "trace"}],
 "inputs":
 [["RealLike.Instances:deps",
   [["deps",
     [["RealLike/RealLike:extraDep",
       [["@RealLike:extraDep", "00000000000006bb"]]],
      ["imports",
       [["Mathlib.Data.Real.Basic transitive imports (legacy)",
         "e99232c582a80006"],
        ["Mathlib.Data.Real.Basic:importAllArts", "cb66a25f329c2b11"],
        ["Mathlib.Data.Real.Sqrt transitive imports (legacy)",
         "203601075c063417"],
        ["Mathlib.Data.Real.Sqrt:importAllArts", "4f12dde7459435c2"],
        ["Mathlib.Algebra.Order.Floor.Ring transitive imports (legacy)",
         "3b498e27eada3c54"],
        ["Mathlib.Algebra.Order.Floor.Ring:importAllArts", "a178161e6f6407fd"],
        ["Mathlib.Algebra.Order.Round transitive imports (legacy)",
         "5c4a7ebfad08bd08"],
        ["Mathlib.Algebra.Order.Round:importAllArts", "1042611509d78219"],
        ["Mathlib.Analysis.SpecialFunctions.Exp transitive imports (legacy)",
         "3ee8e06190a1f98b"],
        ["Mathlib.Analysis.SpecialFunctions.Exp:importAllArts",
         "1493f7983984acf6"],
        ["Mathlib.Analysis.SpecialFunctions.Log.Basic transitive imports (legacy)",
         "c48c6500c398bac2"],
        ["Mathlib.Analysis.SpecialFunctions.Log.Basic:importAllArts",
         "ae904090a670baaf"],
        ["Mathlib.Analysis.SpecialFunctions.Pow.Real transitive imports (legacy)",
         "ca08c26f2b7f78f9"],
        ["Mathlib.Analysis.SpecialFunctions.Pow.Real:importAllArts",
         "40fe970f6933760a"],
        ["Mathlib.Analysis.Complex.Trigonometric transitive imports (legacy)",
         "5b65f6357a2cf0cf"],
        ["Mathlib.Analysis.Complex.Trigonometric:importAllArts",
         "4ff06e46181a3f9c"],
        ["Mathlib.Analysis.SpecialFunctions.Trigonometric.Arctan transitive imports (legacy)",
         "b2ce58946981c71d"],
        ["Mathlib.Analysis.SpecialFunctions.Trigonometric.Arctan:importAllArts",
         "46e9425bcdb4cfd3"],
        ["Mathlib.Analysis.SpecialFunctions.Trigonometric.Inverse transitive imports (legacy)",
         "ea20ed6f9ece091f"],
        ["Mathlib.Analysis.SpecialFunctions.Trigonometric.Inverse:importAllArts",
         "2e64067ef03bfb98"],
        ["Mathlib.Analysis.SpecialFunctions.Complex.Arg transitive imports (legacy)",
         "ed484feb483d6370"],
        ["Mathlib.Analysis.SpecialFunctions.Complex.Arg:importAllArts",
         "8995e77c51c14cef"],
        ["RealLike.Class transitive imports (legacy)", "00000000000006bb"],
        ["RealLike.Class:importAllArts", "ab9e09993b33a439"]]]]],
    ["libs",
     [["import dynlibs", "00000000000006bb"],
      ["package external libraries", "00000000000006bb"],
      ["module dynlibs", "00000000000006bb"],
      ["module plugins", "00000000000006bb"]]]]],
  ["Lean 4.28.0, commit 7e01a1bf5c70fc6167d49c345d3bf80596e9a79b",
   "a96bc04a2e5e9630"],
  ["/Users/oscario/Documents/Lean/LeanBET/RealLike/RealLike/Instances.lean",
   "f4cf0af0e76c7e88"],
  ["options",
   [["-DmaxSynthPendingDepth=3", "c78e353d34de85d4"],
    ["-Dweak.linter.mathlibStandardSet=true", "8a155799906f2b42"],
    ["-DrelaxedAutoImplicit=false", "74a2b5546b55be80"],
    ["-Dpp.unicode.fun=true", "9b94070140457fab"]]],
  ["Module.leanArgs: #[]", "00000000000006bb"]],
 "depHash": "f546c9f0746726ab"}