{"synthetic": false,
 "schemaVersion": "2025-09-10",
 "outputs":
 {"o": ["c8c73ed431867e1c.olean"],
  "i": "b159352df4246bbd.ilean",
  "c": "de845f73ca814aa2.c"},
 "log":
 [{"message":
   ".> LEAN_PATH=/Users/oscario/Documents/Lean/Archive/RealLike/.lake/packages/MD4Lean/.lake/build/lib/lean:/Users/oscario/Documents/Lean/Archive/RealLike/.lake/packages/BibtexQuery/.lake/build/lib/lean:/Users/oscario/Documents/Lean/Archive/RealLike/.lake/packages/UnicodeBasic/.lake/build/lib/lean:/Users/oscario/Documents/Lean/Archive/RealLike/.lake/packages/doc-gen4/.lake/build/lib/lean:/Users/oscario/Documents/Lean/Archive/RealLike/.lake/packages/Cli/.lake/build/lib/lean:/Users/oscario/Documents/Lean/Archive/RealLike/.lake/packages/batteries/.lake/build/lib/lean:/Users/oscario/Documents/Lean/Archive/RealLike/.lake/packages/Qq/.lake/build/lib/lean:/Users/oscario/Documents/Lean/Archive/RealLike/.lake/packages/aesop/.lake/build/lib/lean:/Users/oscario/Documents/Lean/Archive/RealLike/.lake/packages/proofwidgets/.lake/build/lib/lean:/Users/oscario/Documents/Lean/Archive/RealLike/.lake/packages/importGraph/.lake/build/lib/lean:/Users/oscario/Documents/Lean/Archive/RealLike/.lake/packages/LeanSearchClient/.lake/build/lib/lean:/Users/oscario/Documents/Lean/Archive/RealLike/.lake/packages/plausible/.lake/build/lib/lean:/Users/oscario/Documents/Lean/Archive/RealLike/.lake/packages/PhysLean/.lake/build/lib/lean:/Users/oscario/Documents/Lean/Archive/RealLike/.lake/packages/LeanBisection/.lake/build/lib/lean:/Users/oscario/Documents/Lean/Archive/RealLike/.lake/packages/mathlib/.lake/build/lib/lean:/Users/oscario/Documents/Lean/Archive/RealLike/.lake/build/lib/lean /Users/oscario/.elan/toolchains/leanprover--lean4---v4.28.0/bin/lean /Users/oscario/Documents/Lean/Archive/RealLike/RealLike/Lowering.lean -o /Users/oscario/Documents/Lean/Archive/RealLike/.lake/build/lib/lean/RealLike/Lowering.olean -i /Users/oscario/Documents/Lean/Archive/RealLike/.lake/build/lib/lean/RealLike/Lowering.ilean -c /Users/oscario/Documents/Lean/Archive/RealLike/.lake/build/ir/RealLike/Lowering.c --setup /Users/oscario/Documents/Lean/Archive/RealLike/.lake/build/ir/RealLike/Lowering.setup.json --json",
   "level": "trace"}],
 "inputs":
 [["RealLike.Lowering:deps",
   [["deps",
     [["RealLike/RealLike:extraDep",
       [["@RealLike:extraDep", "00000000000006bb"]]],
      ["imports",
       [["RealLike.Repr transitive imports (legacy)", "a815ea34948c91bd"],
        ["RealLike.Repr:importAllArts", "8c4148901457970f"]]]]],
    ["libs",
     [["import dynlibs", "00000000000006bb"],
      ["package external libraries", "00000000000006bb"],
      ["module dynlibs", "00000000000006bb"],
      ["module plugins", "00000000000006bb"]]]]],
  ["Lean 4.28.0, commit 7e01a1bf5c70fc6167d49c345d3bf80596e9a79b",
   "a96bc04a2e5e9630"],
  ["/Users/oscario/Documents/Lean/Archive/RealLike/RealLike/Lowering.lean",
   "f55fa73cb8bd24d7"],
  ["options",
   [["-DmaxSynthPendingDepth=3", "c78e353d34de85d4"],
    ["-Dweak.linter.mathlibStandardSet=true", "8a155799906f2b42"],
    ["-DrelaxedAutoImplicit=false", "74a2b5546b55be80"],
    ["-Dpp.unicode.fun=true", "9b94070140457fab"]]],
  ["Module.leanArgs: #[]", "00000000000006bb"]],
 "depHash": "e78100e9aa5260b7"}