{"synthetic": false,
 "schemaVersion": "2025-09-10",
 "outputs":
 {"o": ["57016f16e98bb367.olean"],
  "i": "e68d8780f587725d.ilean",
  "c": "01d419cd7d067762.c"},
 "log":
 [{"message":
   ".> LEAN_PATH=/Users/oscario/Documents/Lean/Archive/RealLike/.lake/packages/MD4Lean/.lake/build/lib/lean:/Users/oscario/Documents/Lean/Archive/RealLike/.lake/packages/BibtexQuery/.lake/build/lib/lean:/Users/oscario/Documents/Lean/Archive/RealLike/.lake/packages/UnicodeBasic/.lake/build/lib/lean:/Users/oscario/Documents/Lean/Archive/RealLike/.lake/packages/doc-gen4/.lake/build/lib/lean:/Users/oscario/Documents/Lean/Archive/RealLike/.lake/packages/Cli/.lake/build/lib/lean:/Users/oscario/Documents/Lean/Archive/RealLike/.lake/packages/batteries/.lake/build/lib/lean:/Users/oscario/Documents/Lean/Archive/RealLike/.lake/packages/Qq/.lake/build/lib/lean:/Users/oscario/Documents/Lean/Archive/RealLike/.lake/packages/aesop/.lake/build/lib/lean:/Users/oscario/Documents/Lean/Archive/RealLike/.lake/packages/proofwidgets/.lake/build/lib/lean:/Users/oscario/Documents/Lean/Archive/RealLike/.lake/packages/importGraph/.lake/build/lib/lean:/Users/oscario/Documents/Lean/Archive/RealLike/.lake/packages/LeanSearchClient/.lake/build/lib/lean:/Users/oscario/Documents/Lean/Archive/RealLike/.lake/packages/plausible/.lake/build/lib/lean:/Users/oscario/Documents/Lean/Archive/RealLike/.lake/packages/PhysLean/.lake/build/lib/lean:/Users/oscario/Documents/Lean/Archive/RealLike/.lake/packages/LeanBisection/.lake/build/lib/lean:/Users/oscario/Documents/Lean/Archive/RealLike/.lake/packages/mathlib/.lake/build/lib/lean:/Users/oscario/Documents/Lean/Archive/RealLike/.lake/build/lib/lean /Users/oscario/.elan/toolchains/leanprover--lean4---v4.28.0/bin/lean /Users/oscario/Documents/Lean/Archive/RealLike/RealLike/Repr.lean -o /Users/oscario/Documents/Lean/Archive/RealLike/.lake/build/lib/lean/RealLike/Repr.olean -i /Users/oscario/Documents/Lean/Archive/RealLike/.lake/build/lib/lean/RealLike/Repr.ilean -c /Users/oscario/Documents/Lean/Archive/RealLike/.lake/build/ir/RealLike/Repr.c --setup /Users/oscario/Documents/Lean/Archive/RealLike/.lake/build/ir/RealLike/Repr.setup.json --json",
   "level": "trace"}],
 "inputs":
 [["RealLike.Repr:deps",
   [["deps",
     [["RealLike/RealLike:extraDep",
       [["@RealLike:extraDep", "00000000000006bb"]]],
      ["imports",
       [["Mathlib.Data.Fintype.Basic transitive imports (legacy)",
         "4e94253bc0d7cbb5"],
        ["Mathlib.Data.Fintype.Basic:importAllArts", "17fb2da79acf29b9"],
        ["Mathlib.Data.NNReal.Basic transitive imports (legacy)",
         "3f2515af90d8af7d"],
        ["Mathlib.Data.NNReal.Basic:importAllArts", "12db3a25a143e0de"],
        ["RealLike.Instances transitive imports (legacy)", "497dab6dd4a9b95e"],
        ["RealLike.Instances:importAllArts", "727334233e3ee87a"]]]]],
    ["libs",
     [["import dynlibs", "00000000000006bb"],
      ["package external libraries", "00000000000006bb"],
      ["module dynlibs", "00000000000006bb"],
      ["module plugins", "00000000000006bb"]]]]],
  ["Lean 4.28.0, commit 7e01a1bf5c70fc6167d49c345d3bf80596e9a79b",
   "a96bc04a2e5e9630"],
  ["/Users/oscario/Documents/Lean/Archive/RealLike/RealLike/Repr.lean",
   "1b609d75bf757866"],
  ["options",
   [["-DmaxSynthPendingDepth=3", "c78e353d34de85d4"],
    ["-Dweak.linter.mathlibStandardSet=true", "8a155799906f2b42"],
    ["-DrelaxedAutoImplicit=false", "74a2b5546b55be80"],
    ["-Dpp.unicode.fun=true", "9b94070140457fab"]]],
  ["Module.leanArgs: #[]", "00000000000006bb"]],
 "depHash": "552ebc6065f0a37b"}